<?xml version="1.0" encoding="UTF-8"?>
<!-- Generated by org.testng.reporters.JUnitXMLReporter -->
<testsuite hostname="LTIN227624" ignored="0" name="Code Challenge test" tests="2" failures="0" timestamp="14 Sep 2022 15:23:34 GMT" time="0.971" errors="0">
  <testcase name="countryCountTest" time="0.024" classname="testScriptPackage.CountryCountTest"/>
  <testcase name="wicketKeeperCountTest" time="0.0" classname="testScriptPackage.WicketKeeperCountTest"/>
</testsuite> <!-- Code Challenge test -->
