<?xml version="1.0" encoding="UTF-8"?>
<!-- Generated by org.testng.reporters.JUnitXMLReporter -->
<testsuite hostname="LTIN227624" ignored="0" name="Code Challenge test" tests="2" failures="0" timestamp="14 Sep 2022 15:17:06 GMT" time="0.579" errors="0">
  <testcase name="countryCountTest" time="0.015" classname="testScriptPackage.CountryCountTest"/>
  <testcase name="wicketKeeperCountTest" time="0.001" classname="testScriptPackage.WicketKeeperCountTest"/>
</testsuite> <!-- Code Challenge test -->
