<?xml version="1.0" encoding="UTF-8"?>
<testng-results skipped="0" failed="0" ignored="0" total="2" passed="2">
  <reporter-output>
  </reporter-output>
  <suite name="Code Challenge test Suite" duration-ms="971" started-at="2022-09-14T15:23:33Z" finished-at="2022-09-14T15:23:34Z">
    <groups>
    </groups>
    <test name="Code Challenge test" duration-ms="971" started-at="2022-09-14T15:23:33Z" finished-at="2022-09-14T15:23:34Z">
      <class name="testScriptPackage.CountryCountTest">
        <test-method status="PASS" signature="startTest()[pri:0, instance:testScriptPackage.CountryCountTest@27f674d]" name="startTest" is-config="true" duration-ms="308" started-at="2022-09-14T20:53:33Z" finished-at="2022-09-14T20:53:33Z">
          <reporter-output>
          </reporter-output>
        </test-method> <!-- startTest -->
        <test-method status="PASS" signature="countryCountTest()[pri:0, instance:testScriptPackage.CountryCountTest@27f674d]" name="countryCountTest" duration-ms="24" started-at="2022-09-14T20:53:33Z" finished-at="2022-09-14T20:53:33Z">
          <reporter-output>
          </reporter-output>
        </test-method> <!-- countryCountTest -->
        <test-method status="PASS" signature="endTest()[pri:0, instance:testScriptPackage.CountryCountTest@27f674d]" name="endTest" is-config="true" duration-ms="506" started-at="2022-09-14T20:53:33Z" finished-at="2022-09-14T20:53:34Z">
          <reporter-output>
          </reporter-output>
        </test-method> <!-- endTest -->
      </class> <!-- testScriptPackage.CountryCountTest -->
      <class name="testScriptPackage.WicketKeeperCountTest">
        <test-method status="PASS" signature="startTest()[pri:0, instance:testScriptPackage.WicketKeeperCountTest@1d251891]" name="startTest" is-config="true" duration-ms="5" started-at="2022-09-14T20:53:34Z" finished-at="2022-09-14T20:53:34Z">
          <reporter-output>
          </reporter-output>
        </test-method> <!-- startTest -->
        <test-method status="PASS" signature="wicketKeeperCountTest()[pri:0, instance:testScriptPackage.WicketKeeperCountTest@1d251891]" name="wicketKeeperCountTest" duration-ms="0" started-at="2022-09-14T20:53:34Z" finished-at="2022-09-14T20:53:34Z">
          <reporter-output>
          </reporter-output>
        </test-method> <!-- wicketKeeperCountTest -->
        <test-method status="PASS" signature="endTest()[pri:0, instance:testScriptPackage.WicketKeeperCountTest@1d251891]" name="endTest" is-config="true" duration-ms="94" started-at="2022-09-14T20:53:34Z" finished-at="2022-09-14T20:53:34Z">
          <reporter-output>
          </reporter-output>
        </test-method> <!-- endTest -->
      </class> <!-- testScriptPackage.WicketKeeperCountTest -->
    </test> <!-- Code Challenge test -->
  </suite> <!-- Code Challenge test Suite -->
</testng-results>
